<?xml version="1.0" encoding="UTF-8"?>
<!-- Generated by org.testng.reporters.JUnitReportReporter -->
<testsuite hostname="LAPTOP-UMKGSRG3" failures="0" tests="1" name="testCases.TC_002_Login" time="7.877" errors="0" timestamp="2022-06-30T08:35:51 IST" skipped="0">
  <testcase classname="testCases.TC_002_Login" name="test_Login" time="7.877"/>
  <system-out/>
</testsuite> <!-- testCases.TC_002_Login -->
