<?xml version="1.0" encoding="UTF-8"?>
<!-- Generated by org.testng.reporters.JUnitReportReporter -->
<testsuite hostname="LAPTOP-UMKGSRG3" failures="0" tests="1" name="testCases.TC_001_Registration" time="5.776" errors="0" timestamp="2022-06-30T08:22:14 IST" skipped="0">
  <testcase classname="testCases.TC_001_Registration" name="test_Registration" time="5.776"/>
  <system-out/>
</testsuite> <!-- testCases.TC_001_Registration -->
