<?xml version="1.0" encoding="UTF-8"?>
<!-- Generated by org.testng.reporters.JUnitReportReporter -->
<testsuite skipped="0" hostname="LAPTOP-UMKGSRG3" name="testCases.TC_002_Login" tests="1" failures="0" timestamp="2022-07-02T08:31:59 IST" time="7.756" errors="0">
  <testcase name="test_Login" time="7.756" classname="testCases.TC_002_Login"/>
  <system-out/>
</testsuite> <!-- testCases.TC_002_Login -->
