<?xml version="1.0" encoding="UTF-8"?>
<!-- Generated by org.testng.reporters.JUnitReportReporter -->
<testsuite skipped="0" hostname="LAPTOP-UMKGSRG3" name="testCases.TC_001_Registration" tests="1" failures="0" timestamp="2022-07-02T08:31:59 IST" time="5.366" errors="0">
  <testcase name="test_Registration" time="5.366" classname="testCases.TC_001_Registration"/>
  <system-out/>
</testsuite> <!-- testCases.TC_001_Registration -->
